<?xml version="1.0" encoding="UTF-8"?>
<!-- Generated by org.testng.reporters.JUnitXMLReporter -->
<testsuite ignored="2" hostname="DESKTOP-GVVML2G" failures="0" tests="1" name="Default test" time="0.411" errors="0" timestamp="2023-11-12T10:25:00 EET">
  <testcase classname="MyFirstDataBaseTest" name="updateTest" time="0.012"/>
  <testcase classname="MyFirstDataBaseTest" name="addTest" time="0.0">
    <ignored/>
  </testcase> <!-- addTest -->
  <testcase classname="MyFirstDataBaseTest" name="deleteTest" time="0.0">
    <ignored/>
  </testcase> <!-- deleteTest -->
</testsuite> <!-- Default test -->
