<?xml version="1.0" encoding="UTF-8"?>
<testng-results ignored="2" total="3" passed="1" failed="0" skipped="0">
  <reporter-output>
  </reporter-output>
  <suite started-at="2023-11-12T10:25:00 EET" name="Default suite" finished-at="2023-11-12T10:25:00 EET" duration-ms="411">
    <groups>
    </groups>
    <test started-at="2023-11-12T10:25:00 EET" name="Default test" finished-at="2023-11-12T10:25:00 EET" duration-ms="411">
      <class name="MyFirstDataBaseTest">
        <test-method is-config="true" signature="setup()[pri:0, instance:MyFirstDataBaseTest@6a28ffa4]" started-at="2023-11-12T10:25:00 EET" name="setup" finished-at="2023-11-12T10:25:00 EET" duration-ms="369" status="PASS">
          <reporter-output>
          </reporter-output>
        </test-method> <!-- setup -->
        <test-method signature="updateTest()[pri:0, instance:MyFirstDataBaseTest@6a28ffa4]" started-at="2023-11-12T10:25:00 EET" name="updateTest" finished-at="2023-11-12T10:25:00 EET" duration-ms="12" status="PASS">
          <reporter-output>
          </reporter-output>
        </test-method> <!-- updateTest -->
      </class> <!-- MyFirstDataBaseTest -->
    </test> <!-- Default test -->
  </suite> <!-- Default suite -->
</testng-results>
